<?xml version="1.0" encoding="UTF-8"?>
<!-- Generated by org.testng.reporters.JUnitReportReporter -->
<testsuite hostname="admins-MacBook-Pro-2.local" failures="0" tests="1" name="testRunner.TestRunner_Amazon" time="31.519" errors="0" timestamp="06 Jun 2019 21:09:19 GMT" skipped="0">
  <testcase classname="testRunner.TestRunner_Amazon" name="feature" time="31.519"/>
</testsuite> <!-- testRunner.TestRunner_Amazon -->
